<?xml version="1.0" encoding="UTF-8"?>
<robot generator="Robot 7.4.2 (Python 3.13.9 on win32)" generated="2026-03-17T12:55:32.160507" rpa="false" schemaversion="5">
<suite id="s1" name="Browslogin" source="C:\Users\user\Desktop\robotFramwork\tests\browslogin.robot">
<test id="s1-t1" name="login valide" line="9">
<kw name="init browser" owner="keywords" type="SETUP">
<kw name="Open Browser" owner="SeleniumLibrary">
<msg time="2026-03-17T12:55:32.480957" level="INFO">Opening browser 'firefox' to base url 'https://saucedemo.com/'.</msg>
<arg>${URL}</arg>
<arg>${BROWSER}</arg>
<doc>Opens a new browser instance to the optional ``url``.</doc>
<status status="PASS" start="2026-03-17T12:55:32.480566" elapsed="14.090318"/>
</kw>
<kw name="Set Selenium Implicit Wait" owner="SeleniumLibrary">
<arg>5s</arg>
<doc>Sets the implicit wait value used by Selenium.</doc>
<status status="PASS" start="2026-03-17T12:55:46.571286" elapsed="0.007303"/>
</kw>
<kw name="Maximize Browser Window" owner="SeleniumLibrary">
<doc>Maximizes current browser window.</doc>
<status status="PASS" start="2026-03-17T12:55:46.578965" elapsed="0.303316"/>
</kw>
<status status="PASS" start="2026-03-17T12:55:32.479203" elapsed="14.403372"/>
</kw>
<kw name="Set Selenium Implicit Wait" owner="SeleniumLibrary">
<arg>5s</arg>
<doc>Sets the implicit wait value used by Selenium.</doc>
<status status="PASS" start="2026-03-17T12:55:46.882919" elapsed="0.006198"/>
</kw>
<kw name="Input Text" owner="SeleniumLibrary">
<msg time="2026-03-17T12:55:46.890208" level="INFO">Typing text 'standard_user' into text field 'id:user-name'.</msg>
<arg>id:user-name</arg>
<arg>standard_user</arg>
<doc>Types the given ``text`` into the text field identified by ``locator``.</doc>
<status status="PASS" start="2026-03-17T12:55:46.889486" elapsed="0.118029"/>
</kw>
<kw name="Input Text" owner="SeleniumLibrary">
<msg time="2026-03-17T12:55:47.008109" level="INFO">Typing text 'secret_sauce' into text field 'css:#password'.</msg>
<arg>css:#password</arg>
<arg>secret_sauce</arg>
<doc>Types the given ``text`` into the text field identified by ``locator``.</doc>
<status status="PASS" start="2026-03-17T12:55:47.007795" elapsed="0.060632"/>
</kw>
<kw name="Click Button" owner="SeleniumLibrary">
<msg time="2026-03-17T12:55:47.069119" level="INFO">Clicking button 'id:login-button'.</msg>
<arg>id:login-button</arg>
<doc>Clicks the button identified by ``locator``.</doc>
<status status="PASS" start="2026-03-17T12:55:47.068780" elapsed="0.132800"/>
</kw>
<kw name="Get Location" owner="SeleniumLibrary">
<msg time="2026-03-17T12:55:47.204660" level="INFO">${url } = https://www.saucedemo.com/inventory.html</msg>
<var>${url }</var>
<doc>Returns the current browser window URL.</doc>
<status status="PASS" start="2026-03-17T12:55:47.201896" elapsed="0.002834"/>
</kw>
<kw name="Should Not Be Equal As Strings" owner="BuiltIn">
<arg>${url}</arg>
<arg>https://www.saucedemo.com/inventory</arg>
<doc>Fails if objects are equal after converting them to strings.</doc>
<status status="PASS" start="2026-03-17T12:55:47.204959" elapsed="0.000715"/>
</kw>
<kw name="Close Browser" owner="SeleniumLibrary">
<doc>Closes the current browser.</doc>
<status status="PASS" start="2026-03-17T12:55:47.205868" elapsed="5.418499"/>
</kw>
<kw name="Close Browser" owner="SeleniumLibrary" type="TEARDOWN">
<doc>Closes the current browser.</doc>
<status status="PASS" start="2026-03-17T12:55:52.624713" elapsed="0.000115"/>
</kw>
<doc>test de login avec des credentials valides</doc>
<tag>e2e</tag>
<tag>valid</tag>
<status status="PASS" start="2026-03-17T12:55:32.478181" elapsed="20.146691"/>
</test>
<test id="s1-t2" name="login invalide" line="29">
<kw name="init browser" owner="keywords" type="SETUP">
<kw name="Open Browser" owner="SeleniumLibrary">
<msg time="2026-03-17T12:55:52.626230" level="INFO">Opening browser 'firefox' to base url 'https://saucedemo.com/'.</msg>
<arg>${URL}</arg>
<arg>${BROWSER}</arg>
<doc>Opens a new browser instance to the optional ``url``.</doc>
<status status="PASS" start="2026-03-17T12:55:52.626068" elapsed="6.784025"/>
</kw>
<kw name="Set Selenium Implicit Wait" owner="SeleniumLibrary">
<arg>5s</arg>
<doc>Sets the implicit wait value used by Selenium.</doc>
<status status="PASS" start="2026-03-17T12:55:59.410450" elapsed="0.005559"/>
</kw>
<kw name="Maximize Browser Window" owner="SeleniumLibrary">
<doc>Maximizes current browser window.</doc>
<status status="PASS" start="2026-03-17T12:55:59.416360" elapsed="0.286924"/>
</kw>
<status status="PASS" start="2026-03-17T12:55:52.625845" elapsed="7.077665"/>
</kw>
<kw name="Input Text" owner="SeleniumLibrary">
<msg time="2026-03-17T12:55:59.704371" level="INFO">Typing text 'wrong_user' into text field 'id:user-name'.</msg>
<arg>id:user-name</arg>
<arg>wrong_user</arg>
<doc>Types the given ``text`` into the text field identified by ``locator``.</doc>
<status status="PASS" start="2026-03-17T12:55:59.703821" elapsed="0.087665"/>
</kw>
<kw name="Input Text" owner="SeleniumLibrary">
<msg time="2026-03-17T12:55:59.792199" level="INFO">Typing text 'wrong_password' into text field 'css:#password'.</msg>
<arg>css:#password</arg>
<arg>wrong_password</arg>
<doc>Types the given ``text`` into the text field identified by ``locator``.</doc>
<status status="PASS" start="2026-03-17T12:55:59.791841" elapsed="0.065729"/>
</kw>
<kw name="Click Button" owner="SeleniumLibrary">
<msg time="2026-03-17T12:55:59.858327" level="INFO">Clicking button 'id:login-button'.</msg>
<arg>id:login-button</arg>
<doc>Clicks the button identified by ``locator``.</doc>
<status status="PASS" start="2026-03-17T12:55:59.857884" elapsed="0.104374"/>
</kw>
<kw name="Page Should Contain" owner="SeleniumLibrary">
<msg time="2026-03-17T12:55:59.970648" level="INFO">Current page contains text 'Epic sadface: Username and password do not match any user in this service'.</msg>
<arg>Epic sadface: Username and password do not match any user in this service</arg>
<doc>Verifies that current page contains ``text``.</doc>
<status status="PASS" start="2026-03-17T12:55:59.962564" elapsed="0.008241"/>
</kw>
<kw name="Close Browser" owner="SeleniumLibrary">
<doc>Closes the current browser.</doc>
<status status="PASS" start="2026-03-17T12:55:59.971069" elapsed="5.478655"/>
</kw>
<kw name="Close Browser" owner="SeleniumLibrary" type="TEARDOWN">
<doc>Closes the current browser.</doc>
<status status="PASS" start="2026-03-17T12:56:05.450149" elapsed="0.000194"/>
</kw>
<doc>test de login avec des credentials invalides</doc>
<tag>regression</tag>
<tag>smoke</tag>
<status status="PASS" start="2026-03-17T12:55:52.625311" elapsed="12.825103"/>
</test>
<doc>fonctionnalite d'authentification</doc>
<status status="PASS" start="2026-03-17T12:55:32.164824" elapsed="33.286187"/>
</suite>
<statistics>
<total>
<stat pass="2" fail="0" skip="0">All Tests</stat>
</total>
<tag>
<stat pass="1" fail="0" skip="0">e2e</stat>
<stat pass="1" fail="0" skip="0">regression</stat>
<stat pass="1" fail="0" skip="0">smoke</stat>
<stat pass="1" fail="0" skip="0">valid</stat>
</tag>
<suite>
<stat name="Browslogin" id="s1" pass="2" fail="0" skip="0">Browslogin</stat>
</suite>
</statistics>
<errors>
<msg time="2026-03-17T12:55:32.474660" level="WARN">Error in file 'C:\Users\user\Desktop\robotFramwork\pages\login_page.resource' on line 20: The '[Return]' setting is deprecated. Use the 'RETURN' statement instead.</msg>
</errors>
</robot>
