<?xml version="1.0" encoding="UTF-8"?>
<robot generator="Robot 7.4.2 (Python 3.13.9 on win32)" generated="2026-03-17T14:54:20.131556" rpa="false" schemaversion="5">
<suite id="s1" name="Tests" source="C:\Users\user\Desktop\robotFramwork\tests">
<suite id="s1-s1" name="Browslogin" source="C:\Users\user\Desktop\robotFramwork\tests\browslogin.robot">
<test id="s1-s1-t1" name="login valide" line="9">
<kw name="init browser" owner="keywords" type="SETUP">
<kw name="Open Browser" owner="SeleniumLibrary">
<msg time="2026-03-17T14:54:20.498047" level="INFO">Opening browser 'chrome' to base url 'https://saucedemo.com/'.</msg>
<arg>${URL}</arg>
<arg>${BROWSER}</arg>
<doc>Opens a new browser instance to the optional ``url``.</doc>
<status status="PASS" start="2026-03-17T14:54:20.497717" elapsed="2.123712"/>
</kw>
<kw name="Set Selenium Implicit Wait" owner="SeleniumLibrary">
<arg>5s</arg>
<doc>Sets the implicit wait value used by Selenium.</doc>
<status status="PASS" start="2026-03-17T14:54:22.623739" elapsed="0.002881"/>
</kw>
<kw name="Maximize Browser Window" owner="SeleniumLibrary">
<doc>Maximizes current browser window.</doc>
<status status="PASS" start="2026-03-17T14:54:22.627551" elapsed="0.042417"/>
</kw>
<status status="PASS" start="2026-03-17T14:54:20.496949" elapsed="2.173567"/>
</kw>
<kw name="Set Selenium Implicit Wait" owner="SeleniumLibrary">
<arg>5s</arg>
<doc>Sets the implicit wait value used by Selenium.</doc>
<status status="PASS" start="2026-03-17T14:54:22.671479" elapsed="0.002324"/>
</kw>
<kw name="Input Text" owner="SeleniumLibrary">
<msg time="2026-03-17T14:54:22.676002" level="INFO">Typing text 'standard_user' into text field 'id:user-name'.</msg>
<arg>id:user-name</arg>
<arg>standard_user</arg>
<doc>Types the given ``text`` into the text field identified by ``locator``.</doc>
<status status="PASS" start="2026-03-17T14:54:22.674715" elapsed="0.254073"/>
</kw>
<kw name="Input Text" owner="SeleniumLibrary">
<msg time="2026-03-17T14:54:22.932677" level="INFO">Typing text 'secret_sauce' into text field 'css:#password'.</msg>
<arg>css:#password</arg>
<arg>secret_sauce</arg>
<doc>Types the given ``text`` into the text field identified by ``locator``.</doc>
<status status="PASS" start="2026-03-17T14:54:22.932151" elapsed="0.158541"/>
</kw>
<kw name="Click Button" owner="SeleniumLibrary">
<msg time="2026-03-17T14:54:23.093800" level="INFO">Clicking button 'id:login-button'.</msg>
<arg>id:login-button</arg>
<doc>Clicks the button identified by ``locator``.</doc>
<status status="PASS" start="2026-03-17T14:54:23.093373" elapsed="0.198832"/>
</kw>
<kw name="Get Location" owner="SeleniumLibrary">
<msg time="2026-03-17T14:54:23.305062" level="INFO">${url } = https://www.saucedemo.com/inventory.html</msg>
<var>${url }</var>
<doc>Returns the current browser window URL.</doc>
<status status="PASS" start="2026-03-17T14:54:23.293789" elapsed="0.011362"/>
</kw>
<kw name="Should Not Be Equal As Strings" owner="BuiltIn">
<arg>${url}</arg>
<arg>https://www.saucedemo.com/inventory</arg>
<doc>Fails if objects are equal after converting them to strings.</doc>
<status status="PASS" start="2026-03-17T14:54:23.307531" elapsed="0.001147"/>
</kw>
<kw name="Close Browser" owner="SeleniumLibrary">
<doc>Closes the current browser.</doc>
<status status="PASS" start="2026-03-17T14:54:23.309282" elapsed="2.578522"/>
</kw>
<kw name="Close Browser" owner="SeleniumLibrary" type="TEARDOWN">
<doc>Closes the current browser.</doc>
<status status="PASS" start="2026-03-17T14:54:25.888452" elapsed="0.000214"/>
</kw>
<doc>test de login avec des credentials valides</doc>
<tag>e2e</tag>
<tag>valid</tag>
<status status="PASS" start="2026-03-17T14:54:20.496039" elapsed="5.393208"/>
</test>
<test id="s1-s1-t2" name="login invalide" line="29">
<kw name="init browser" owner="keywords" type="SETUP">
<kw name="Open Browser" owner="SeleniumLibrary">
<msg time="2026-03-17T14:54:25.893516" level="INFO">Opening browser 'chrome' to base url 'https://saucedemo.com/'.</msg>
<arg>${URL}</arg>
<arg>${BROWSER}</arg>
<doc>Opens a new browser instance to the optional ``url``.</doc>
<status status="PASS" start="2026-03-17T14:54:25.893342" elapsed="2.039585"/>
</kw>
<kw name="Set Selenium Implicit Wait" owner="SeleniumLibrary">
<arg>5s</arg>
<doc>Sets the implicit wait value used by Selenium.</doc>
<status status="PASS" start="2026-03-17T14:54:27.936051" elapsed="0.003901"/>
</kw>
<kw name="Maximize Browser Window" owner="SeleniumLibrary">
<doc>Maximizes current browser window.</doc>
<status status="PASS" start="2026-03-17T14:54:27.941059" elapsed="0.044133"/>
</kw>
<status status="PASS" start="2026-03-17T14:54:25.893124" elapsed="2.092651"/>
</kw>
<kw name="Input Text" owner="SeleniumLibrary">
<msg time="2026-03-17T14:54:27.987502" level="INFO">Typing text 'wrong_user' into text field 'id:user-name'.</msg>
<arg>id:user-name</arg>
<arg>wrong_user</arg>
<doc>Types the given ``text`` into the text field identified by ``locator``.</doc>
<status status="PASS" start="2026-03-17T14:54:27.986657" elapsed="0.274610"/>
</kw>
<kw name="Input Text" owner="SeleniumLibrary">
<msg time="2026-03-17T14:54:28.264424" level="INFO">Typing text 'wrong_password' into text field 'css:#password'.</msg>
<arg>css:#password</arg>
<arg>wrong_password</arg>
<doc>Types the given ``text`` into the text field identified by ``locator``.</doc>
<status status="PASS" start="2026-03-17T14:54:28.263761" elapsed="0.175144"/>
</kw>
<kw name="Click Button" owner="SeleniumLibrary">
<msg time="2026-03-17T14:54:28.442497" level="INFO">Clicking button 'id:login-button'.</msg>
<arg>id:login-button</arg>
<doc>Clicks the button identified by ``locator``.</doc>
<status status="PASS" start="2026-03-17T14:54:28.442038" elapsed="0.153751"/>
</kw>
<kw name="Page Should Contain" owner="SeleniumLibrary">
<msg time="2026-03-17T14:54:28.625117" level="INFO">Current page contains text 'Epic sadface: Username and password do not match any user in this service'.</msg>
<arg>Epic sadface: Username and password do not match any user in this service</arg>
<doc>Verifies that current page contains ``text``.</doc>
<status status="PASS" start="2026-03-17T14:54:28.598500" elapsed="0.026803"/>
</kw>
<kw name="Close Browser" owner="SeleniumLibrary">
<doc>Closes the current browser.</doc>
<status status="PASS" start="2026-03-17T14:54:28.627741" elapsed="2.489993"/>
</kw>
<kw name="Close Browser" owner="SeleniumLibrary" type="TEARDOWN">
<doc>Closes the current browser.</doc>
<status status="PASS" start="2026-03-17T14:54:31.118964" elapsed="0.000487"/>
</kw>
<doc>test de login avec des credentials invalides</doc>
<tag>regression</tag>
<tag>smoke</tag>
<status status="PASS" start="2026-03-17T14:54:25.892710" elapsed="5.227440"/>
</test>
<doc>fonctionnalite d'authentification</doc>
<status status="PASS" start="2026-03-17T14:54:20.240209" elapsed="10.885021"/>
</suite>
<suite id="s1-s2" name="Login" source="C:\Users\user\Desktop\robotFramwork\tests\login.robot">
<test id="s1-s2-t1" name="login valide" line="9">
<kw name="init browser" owner="keywords" type="SETUP">
<kw name="Open Browser" owner="SeleniumLibrary">
<msg time="2026-03-17T14:54:31.135637" level="INFO">Opening browser 'chrome' to base url 'https://saucedemo.com/'.</msg>
<arg>${URL}</arg>
<arg>${BROWSER}</arg>
<doc>Opens a new browser instance to the optional ``url``.</doc>
<status status="PASS" start="2026-03-17T14:54:31.135390" elapsed="1.832157"/>
</kw>
<kw name="Set Selenium Implicit Wait" owner="SeleniumLibrary">
<arg>5s</arg>
<doc>Sets the implicit wait value used by Selenium.</doc>
<status status="PASS" start="2026-03-17T14:54:32.970581" elapsed="0.003283"/>
</kw>
<kw name="Maximize Browser Window" owner="SeleniumLibrary">
<doc>Maximizes current browser window.</doc>
<status status="PASS" start="2026-03-17T14:54:32.974591" elapsed="0.044976"/>
</kw>
<status status="PASS" start="2026-03-17T14:54:31.135093" elapsed="1.885058"/>
</kw>
<kw name="saisir credentials" owner="keywords">
<kw name="Input Text" owner="SeleniumLibrary">
<msg time="2026-03-17T14:54:33.023096" level="INFO">Typing text 'standard_user' into text field 'id:user-name'.</msg>
<arg>id:user-name</arg>
<arg>${username}</arg>
<doc>Types the given ``text`` into the text field identified by ``locator``.</doc>
<status status="PASS" start="2026-03-17T14:54:33.022331" elapsed="0.296851"/>
</kw>
<kw name="Input Text" owner="SeleniumLibrary">
<msg time="2026-03-17T14:54:33.322906" level="INFO">Typing text 'secret_sauce' into text field 'css:#password'.</msg>
<arg>css:#password</arg>
<arg>${password}</arg>
<doc>Types the given ``text`` into the text field identified by ``locator``.</doc>
<status status="PASS" start="2026-03-17T14:54:33.322180" elapsed="0.170181"/>
</kw>
<kw name="Click Button" owner="SeleniumLibrary">
<msg time="2026-03-17T14:54:33.496100" level="INFO">Clicking button 'id:login-button'.</msg>
<arg>id:login-button</arg>
<doc>Clicks the button identified by ``locator``.</doc>
<status status="PASS" start="2026-03-17T14:54:33.495220" elapsed="0.221628"/>
</kw>
<arg>standard_user</arg>
<arg>secret_sauce</arg>
<status status="PASS" start="2026-03-17T14:54:33.021270" elapsed="0.697822"/>
</kw>
<kw name="Get Location" owner="SeleniumLibrary">
<msg time="2026-03-17T14:54:33.734998" level="INFO">${url } = https://www.saucedemo.com/inventory.html</msg>
<var>${url }</var>
<doc>Returns the current browser window URL.</doc>
<status status="PASS" start="2026-03-17T14:54:33.720988" elapsed="0.014189"/>
</kw>
<kw name="Should Not Be Equal As Strings" owner="BuiltIn">
<arg>${url}</arg>
<arg>https://www.saucedemo.com/inventory</arg>
<doc>Fails if objects are equal after converting them to strings.</doc>
<status status="PASS" start="2026-03-17T14:54:33.738229" elapsed="0.001312"/>
</kw>
<kw name="Close Browser" owner="SeleniumLibrary" type="TEARDOWN">
<doc>Closes the current browser.</doc>
<status status="PASS" start="2026-03-17T14:54:33.740897" elapsed="2.508055"/>
</kw>
<doc>test de login avec des credentials valides</doc>
<tag>e2e</tag>
<tag>valid</tag>
<status status="PASS" start="2026-03-17T14:54:31.134382" elapsed="5.115670"/>
</test>
<test id="s1-s2-t2" name="login invalide" line="26">
<kw name="init browser" owner="keywords" type="SETUP">
<kw name="Open Browser" owner="SeleniumLibrary">
<msg time="2026-03-17T14:54:36.263015" level="INFO">Opening browser 'chrome' to base url 'https://saucedemo.com/'.</msg>
<arg>${URL}</arg>
<arg>${BROWSER}</arg>
<doc>Opens a new browser instance to the optional ``url``.</doc>
<status status="PASS" start="2026-03-17T14:54:36.262324" elapsed="1.719625"/>
</kw>
<kw name="Set Selenium Implicit Wait" owner="SeleniumLibrary">
<arg>5s</arg>
<doc>Sets the implicit wait value used by Selenium.</doc>
<status status="PASS" start="2026-03-17T14:54:37.984410" elapsed="0.002973"/>
</kw>
<kw name="Maximize Browser Window" owner="SeleniumLibrary">
<doc>Maximizes current browser window.</doc>
<status status="PASS" start="2026-03-17T14:54:37.988156" elapsed="0.052366"/>
</kw>
<status status="PASS" start="2026-03-17T14:54:36.261921" elapsed="1.779470"/>
</kw>
<kw name="saisir credentials" owner="keywords">
<kw name="Input Text" owner="SeleniumLibrary">
<msg time="2026-03-17T14:54:38.043989" level="INFO">Typing text 'wrong_user' into text field 'id:user-name'.</msg>
<arg>id:user-name</arg>
<arg>${username}</arg>
<doc>Types the given ``text`` into the text field identified by ``locator``.</doc>
<status status="PASS" start="2026-03-17T14:54:38.043316" elapsed="0.307313"/>
</kw>
<kw name="Input Text" owner="SeleniumLibrary">
<msg time="2026-03-17T14:54:38.352986" level="INFO">Typing text 'wrong_password' into text field 'css:#password'.</msg>
<arg>css:#password</arg>
<arg>${password}</arg>
<doc>Types the given ``text`` into the text field identified by ``locator``.</doc>
<status status="PASS" start="2026-03-17T14:54:38.352468" elapsed="0.162043"/>
</kw>
<kw name="Click Button" owner="SeleniumLibrary">
<msg time="2026-03-17T14:54:38.518053" level="INFO">Clicking button 'id:login-button'.</msg>
<arg>id:login-button</arg>
<doc>Clicks the button identified by ``locator``.</doc>
<status status="PASS" start="2026-03-17T14:54:38.517537" elapsed="0.147573"/>
</kw>
<arg>wrong_user</arg>
<arg>wrong_password</arg>
<status status="PASS" start="2026-03-17T14:54:38.042533" elapsed="0.623988"/>
</kw>
<kw name="Get Text" owner="SeleniumLibrary">
<msg time="2026-03-17T14:54:38.706736" level="INFO">${error_msg} = Epic sadface: Username and password do not match any user in this service</msg>
<var>${error_msg}</var>
<arg>css:h3[data-test="error"]</arg>
<doc>Returns the text value of the element identified by ``locator``.</doc>
<status status="PASS" start="2026-03-17T14:54:38.667250" elapsed="0.039565"/>
</kw>
<kw name="Should Contain" owner="BuiltIn">
<arg>${error_msg}</arg>
<arg>Epic sadface: Username and password</arg>
<doc>Fails if ``container`` does not contain ``item`` one or more times.</doc>
<status status="PASS" start="2026-03-17T14:54:38.708861" elapsed="0.000914"/>
</kw>
<kw name="Close Browser" owner="SeleniumLibrary" type="TEARDOWN">
<doc>Closes the current browser.</doc>
<status status="PASS" start="2026-03-17T14:54:38.710459" elapsed="2.544842"/>
</kw>
<doc>test de login avec des credentials invalides</doc>
<tag>regression</tag>
<tag>smoke</tag>
<status status="PASS" start="2026-03-17T14:54:36.260323" elapsed="4.995556"/>
</test>
<doc>fonctionnalite d'authentification</doc>
<status status="PASS" start="2026-03-17T14:54:31.128776" elapsed="10.130974"/>
</suite>
<suite id="s1-s3" name="Login Jdd" source="C:\Users\user\Desktop\robotFramwork\tests\login_jdd.robot">
<test id="s1-s3-t1" name="a" line="34">
<kw name="init browser" owner="keywords" type="SETUP">
<kw name="Open Browser" owner="SeleniumLibrary">
<msg time="2026-03-17T14:54:41.289254" level="INFO">Opening browser 'chrome' to base url 'https://saucedemo.com/'.</msg>
<arg>${URL}</arg>
<arg>${BROWSER}</arg>
<doc>Opens a new browser instance to the optional ``url``.</doc>
<status status="PASS" start="2026-03-17T14:54:41.289076" elapsed="1.698182"/>
</kw>
<kw name="Set Selenium Implicit Wait" owner="SeleniumLibrary">
<arg>5s</arg>
<doc>Sets the implicit wait value used by Selenium.</doc>
<status status="PASS" start="2026-03-17T14:54:42.989951" elapsed="0.003064"/>
</kw>
<kw name="Maximize Browser Window" owner="SeleniumLibrary">
<doc>Maximizes current browser window.</doc>
<status status="PASS" start="2026-03-17T14:54:42.993706" elapsed="0.055519"/>
</kw>
<status status="PASS" start="2026-03-17T14:54:41.288821" elapsed="1.761236"/>
</kw>
<kw name="Data Driven Test">
<kw name="saisir username" owner="login_page">
<kw name="Input Text" owner="SeleniumLibrary">
<msg time="2026-03-17T14:54:43.054287" level="INFO">Typing text 'standard_user' into text field 'id:user-name'.</msg>
<arg>${username}</arg>
<arg>${u}</arg>
<doc>Types the given ``text`` into the text field identified by ``locator``.</doc>
<status status="PASS" start="2026-03-17T14:54:43.053524" elapsed="0.314818"/>
</kw>
<arg>${username}</arg>
<status status="PASS" start="2026-03-17T14:54:43.052671" elapsed="0.318598"/>
</kw>
<kw name="saisir password" owner="login_page">
<kw name="Input Text" owner="SeleniumLibrary">
<msg time="2026-03-17T14:54:43.373073" level="INFO">Typing text 'secret_sauce' into text field 'css:#password'.</msg>
<arg>${password}</arg>
<arg>${p}</arg>
<doc>Types the given ``text`` into the text field identified by ``locator``.</doc>
<status status="PASS" start="2026-03-17T14:54:43.372595" elapsed="0.182143"/>
</kw>
<arg>${password}</arg>
<status status="PASS" start="2026-03-17T14:54:43.371892" elapsed="0.185337"/>
</kw>
<kw name="click login" owner="login_page">
<kw name="Click Button" owner="SeleniumLibrary">
<msg time="2026-03-17T14:54:43.558539" level="INFO">Clicking button 'id:login-button'.</msg>
<arg>${login_btn}</arg>
<doc>Clicks the button identified by ``locator``.</doc>
<status status="PASS" start="2026-03-17T14:54:43.558190" elapsed="0.225369"/>
</kw>
<status status="PASS" start="2026-03-17T14:54:43.557718" elapsed="0.227682"/>
</kw>
<if>
<branch type="IF" condition="'${result}' == 'success'">
<kw name="Location Should Be" owner="SeleniumLibrary">
<msg time="2026-03-17T14:54:43.798753" level="INFO">Current location is 'https://www.saucedemo.com/inventory.html'.</msg>
<arg>https://www.saucedemo.com/inventory.html</arg>
<doc>Verifies that the current URL is exactly ``url``.</doc>
<status status="PASS" start="2026-03-17T14:54:43.786815" elapsed="0.012249"/>
</kw>
<status status="PASS" start="2026-03-17T14:54:43.785944" elapsed="0.015368"/>
</branch>
<branch type="ELSE">
<kw name="get error message" owner="login_page">
<var>${error_msg}</var>
<status status="NOT RUN" start="2026-03-17T14:54:43.802400" elapsed="0.000192"/>
</kw>
<kw name="Should Be Equal" owner="BuiltIn">
<arg>${error_msg}</arg>
<arg>Epic sadface: Username and password do not match any user in this service</arg>
<doc>Fails if the given objects are unequal.</doc>
<status status="NOT RUN" start="2026-03-17T14:54:43.803155" elapsed="0.000182"/>
</kw>
<status status="NOT RUN" start="2026-03-17T14:54:43.801757" elapsed="0.001953"/>
</branch>
<status status="PASS" start="2026-03-17T14:54:43.785859" elapsed="0.018260"/>
</if>
<arg>username=standard_user</arg>
<arg>password=secret_sauce</arg>
<arg>result=success</arg>
<status status="PASS" start="2026-03-17T14:54:43.051526" elapsed="0.752734"/>
</kw>
<kw name="Close Browser" owner="SeleniumLibrary" type="TEARDOWN">
<doc>Closes the current browser.</doc>
<status status="PASS" start="2026-03-17T14:54:43.805115" elapsed="2.509552"/>
</kw>
<status status="PASS" start="2026-03-17T14:54:41.287610" elapsed="5.027695"/>
</test>
<test id="s1-s3-t2" name="b" line="34">
<kw name="init browser" owner="keywords" type="SETUP">
<kw name="Open Browser" owner="SeleniumLibrary">
<msg time="2026-03-17T14:54:46.323798" level="INFO">Opening browser 'chrome' to base url 'https://saucedemo.com/'.</msg>
<arg>${URL}</arg>
<arg>${BROWSER}</arg>
<doc>Opens a new browser instance to the optional ``url``.</doc>
<status status="PASS" start="2026-03-17T14:54:46.323519" elapsed="1.672798"/>
</kw>
<kw name="Set Selenium Implicit Wait" owner="SeleniumLibrary">
<arg>5s</arg>
<doc>Sets the implicit wait value used by Selenium.</doc>
<status status="PASS" start="2026-03-17T14:54:47.999125" elapsed="0.002441"/>
</kw>
<kw name="Maximize Browser Window" owner="SeleniumLibrary">
<doc>Maximizes current browser window.</doc>
<status status="PASS" start="2026-03-17T14:54:48.002122" elapsed="0.048512"/>
</kw>
<status status="PASS" start="2026-03-17T14:54:46.323114" elapsed="1.728432"/>
</kw>
<kw name="Data Driven Test">
<kw name="saisir username" owner="login_page">
<kw name="Input Text" owner="SeleniumLibrary">
<msg time="2026-03-17T14:54:48.056337" level="INFO">Typing text 'wwrong_user' into text field 'id:user-name'.</msg>
<arg>${username}</arg>
<arg>${u}</arg>
<doc>Types the given ``text`` into the text field identified by ``locator``.</doc>
<status status="PASS" start="2026-03-17T14:54:48.055324" elapsed="0.311766"/>
</kw>
<arg>${username}</arg>
<status status="PASS" start="2026-03-17T14:54:48.054455" elapsed="0.315521"/>
</kw>
<kw name="saisir password" owner="login_page">
<kw name="Input Text" owner="SeleniumLibrary">
<msg time="2026-03-17T14:54:48.372050" level="INFO">Typing text 'wrong_pass' into text field 'css:#password'.</msg>
<arg>${password}</arg>
<arg>${p}</arg>
<doc>Types the given ``text`` into the text field identified by ``locator``.</doc>
<status status="PASS" start="2026-03-17T14:54:48.371516" elapsed="0.159508"/>
</kw>
<arg>${password}</arg>
<status status="PASS" start="2026-03-17T14:54:48.370813" elapsed="0.162595"/>
</kw>
<kw name="click login" owner="login_page">
<kw name="Click Button" owner="SeleniumLibrary">
<msg time="2026-03-17T14:54:48.534690" level="INFO">Clicking button 'id:login-button'.</msg>
<arg>${login_btn}</arg>
<doc>Clicks the button identified by ``locator``.</doc>
<status status="PASS" start="2026-03-17T14:54:48.534343" elapsed="0.153762"/>
</kw>
<status status="PASS" start="2026-03-17T14:54:48.533877" elapsed="0.156193"/>
</kw>
<if>
<branch type="IF" condition="'${result}' == 'success'">
<kw name="Location Should Be" owner="SeleniumLibrary">
<arg>https://www.saucedemo.com/inventory.html</arg>
<doc>Verifies that the current URL is exactly ``url``.</doc>
<status status="NOT RUN" start="2026-03-17T14:54:48.691922" elapsed="0.000198"/>
</kw>
<status status="NOT RUN" start="2026-03-17T14:54:48.690431" elapsed="0.002084"/>
</branch>
<branch type="ELSE">
<kw name="get error message" owner="login_page">
<kw name="Get Text" owner="SeleniumLibrary">
<msg time="2026-03-17T14:54:48.743434" level="INFO">${msg} = Epic sadface: Username and password do not match any user in this service</msg>
<var>${msg}</var>
<arg>${error_msg}</arg>
<doc>Returns the text value of the element identified by ``locator``.</doc>
<status status="PASS" start="2026-03-17T14:54:48.694310" elapsed="0.049222"/>
</kw>
<return>
<value>${msg}</value>
<status status="PASS" start="2026-03-17T14:54:48.746585" elapsed="0.000272"/>
</return>
<msg time="2026-03-17T14:54:48.747563" level="INFO">${error_msg} = Epic sadface: Username and password do not match any user in this service</msg>
<var>${error_msg}</var>
<status status="PASS" start="2026-03-17T14:54:48.693525" elapsed="0.054099"/>
</kw>
<kw name="Should Be Equal" owner="BuiltIn">
<arg>${error_msg}</arg>
<arg>Epic sadface: Username and password do not match any user in this service</arg>
<doc>Fails if the given objects are unequal.</doc>
<status status="PASS" start="2026-03-17T14:54:48.749650" elapsed="0.000623"/>
</kw>
<status status="PASS" start="2026-03-17T14:54:48.692845" elapsed="0.057708"/>
</branch>
<status status="PASS" start="2026-03-17T14:54:48.690383" elapsed="0.060434"/>
</if>
<arg>username=wwrong_user</arg>
<arg>password=wrong_pass</arg>
<arg>result=fail</arg>
<status status="PASS" start="2026-03-17T14:54:48.053509" elapsed="0.697427"/>
</kw>
<kw name="Close Browser" owner="SeleniumLibrary" type="TEARDOWN">
<doc>Closes the current browser.</doc>
<status status="PASS" start="2026-03-17T14:54:48.751913" elapsed="2.432400"/>
</kw>
<status status="PASS" start="2026-03-17T14:54:46.321787" elapsed="4.863171"/>
</test>
<status status="PASS" start="2026-03-17T14:54:41.262114" elapsed="9.926678"/>
</suite>
<suite id="s1-s4" name="loginPOM" source="C:\Users\user\Desktop\robotFramwork\tests\loginPOM.robot">
<test id="s1-s4-t1" name="Login with valid credentials" line="8">
<kw name="init browser" owner="keywords" type="SETUP">
<kw name="Open Browser" owner="SeleniumLibrary">
<msg time="2026-03-17T14:54:51.197650" level="INFO">Opening browser 'chrome' to base url 'https://saucedemo.com/'.</msg>
<arg>${URL}</arg>
<arg>${BROWSER}</arg>
<doc>Opens a new browser instance to the optional ``url``.</doc>
<status status="PASS" start="2026-03-17T14:54:51.197443" elapsed="1.928457"/>
</kw>
<kw name="Set Selenium Implicit Wait" owner="SeleniumLibrary">
<arg>5s</arg>
<doc>Sets the implicit wait value used by Selenium.</doc>
<status status="PASS" start="2026-03-17T14:54:53.128504" elapsed="0.002781"/>
</kw>
<kw name="Maximize Browser Window" owner="SeleniumLibrary">
<doc>Maximizes current browser window.</doc>
<status status="PASS" start="2026-03-17T14:54:53.131751" elapsed="0.035387"/>
</kw>
<status status="PASS" start="2026-03-17T14:54:51.197059" elapsed="1.970730"/>
</kw>
<kw name="init browser" owner="keywords">
<kw name="Open Browser" owner="SeleniumLibrary">
<msg time="2026-03-17T14:54:53.170697" level="INFO">Opening browser 'chrome' to base url 'https://saucedemo.com/'.</msg>
<arg>${URL}</arg>
<arg>${BROWSER}</arg>
<doc>Opens a new browser instance to the optional ``url``.</doc>
<status status="PASS" start="2026-03-17T14:54:53.169831" elapsed="2.340491"/>
</kw>
<kw name="Set Selenium Implicit Wait" owner="SeleniumLibrary">
<arg>5s</arg>
<doc>Sets the implicit wait value used by Selenium.</doc>
<status status="PASS" start="2026-03-17T14:54:55.516030" elapsed="0.015054"/>
</kw>
<kw name="Maximize Browser Window" owner="SeleniumLibrary">
<doc>Maximizes current browser window.</doc>
<status status="PASS" start="2026-03-17T14:54:55.531944" elapsed="0.066649"/>
</kw>
<status status="PASS" start="2026-03-17T14:54:53.168940" elapsed="2.430558"/>
</kw>
<kw name="do login" owner="login_page">
<kw name="saisir username" owner="login_page">
<kw name="Input Text" owner="SeleniumLibrary">
<msg time="2026-03-17T14:54:55.603419" level="INFO">Typing text 'standard_user' into text field 'id:user-name'.</msg>
<arg>${username}</arg>
<arg>${u}</arg>
<doc>Types the given ``text`` into the text field identified by ``locator``.</doc>
<status status="PASS" start="2026-03-17T14:54:55.602756" elapsed="0.314067"/>
</kw>
<arg>${u}</arg>
<status status="PASS" start="2026-03-17T14:54:55.601889" elapsed="0.317941"/>
</kw>
<kw name="saisir password" owner="login_page">
<kw name="Input Text" owner="SeleniumLibrary">
<msg time="2026-03-17T14:54:55.922893" level="INFO">Typing text 'secret_sauce' into text field 'css:#password'.</msg>
<arg>${password}</arg>
<arg>${p}</arg>
<doc>Types the given ``text`` into the text field identified by ``locator``.</doc>
<status status="PASS" start="2026-03-17T14:54:55.922123" elapsed="0.205439"/>
</kw>
<arg>${p}</arg>
<status status="PASS" start="2026-03-17T14:54:55.920850" elapsed="0.209503"/>
</kw>
<kw name="click login" owner="login_page">
<kw name="Click Button" owner="SeleniumLibrary">
<msg time="2026-03-17T14:54:56.132187" level="INFO">Clicking button 'id:login-button'.</msg>
<arg>${login_btn}</arg>
<doc>Clicks the button identified by ``locator``.</doc>
<status status="PASS" start="2026-03-17T14:54:56.131745" elapsed="0.263131"/>
</kw>
<status status="PASS" start="2026-03-17T14:54:56.131135" elapsed="0.266076"/>
</kw>
<arg>standard_user</arg>
<arg>secret_sauce</arg>
<status status="PASS" start="2026-03-17T14:54:55.600753" elapsed="0.796989"/>
</kw>
<kw name="Close Browser" owner="SeleniumLibrary" type="TEARDOWN">
<doc>Closes the current browser.</doc>
<status status="PASS" start="2026-03-17T14:54:56.398909" elapsed="2.631002"/>
</kw>
<status status="PASS" start="2026-03-17T14:54:51.196496" elapsed="7.833925"/>
</test>
<status status="PASS" start="2026-03-17T14:54:51.193009" elapsed="7.841458"/>
</suite>
<suite id="s1-s5" name="product2POM" source="C:\Users\user\Desktop\robotFramwork\tests\product2POM.robot">
<test id="s1-s5-t1" name="scenario 1: add product to cart" line="11">
<kw name="go to sauce demo" owner="keywords" type="SETUP">
<kw name="init browser" owner="keywords">
<kw name="Open Browser" owner="SeleniumLibrary">
<msg time="2026-03-17T14:54:59.044205" level="INFO">Opening browser 'chrome' to base url 'https://saucedemo.com/'.</msg>
<arg>${URL}</arg>
<arg>${BROWSER}</arg>
<doc>Opens a new browser instance to the optional ``url``.</doc>
<status status="PASS" start="2026-03-17T14:54:59.044044" elapsed="2.393013"/>
</kw>
<kw name="Set Selenium Implicit Wait" owner="SeleniumLibrary">
<arg>5s</arg>
<doc>Sets the implicit wait value used by Selenium.</doc>
<status status="PASS" start="2026-03-17T14:55:01.438807" elapsed="0.003129"/>
</kw>
<kw name="Maximize Browser Window" owner="SeleniumLibrary">
<doc>Maximizes current browser window.</doc>
<status status="PASS" start="2026-03-17T14:55:01.442239" elapsed="0.026472"/>
</kw>
<status status="PASS" start="2026-03-17T14:54:59.043873" elapsed="2.425225"/>
</kw>
<kw name="do login" owner="login_page">
<kw name="saisir username" owner="login_page">
<kw name="Input Text" owner="SeleniumLibrary">
<msg time="2026-03-17T14:55:01.472960" level="INFO">Typing text 'standard_user' into text field 'id:user-name'.</msg>
<arg>${username}</arg>
<arg>${u}</arg>
<doc>Types the given ``text`` into the text field identified by ``locator``.</doc>
<status status="PASS" start="2026-03-17T14:55:01.472277" elapsed="0.192239"/>
</kw>
<arg>${u}</arg>
<status status="PASS" start="2026-03-17T14:55:01.470608" elapsed="0.197908"/>
</kw>
<kw name="saisir password" owner="login_page">
<kw name="Input Text" owner="SeleniumLibrary">
<msg time="2026-03-17T14:55:01.670836" level="INFO">Typing text 'secret_sauce' into text field 'css:#password'.</msg>
<arg>${password}</arg>
<arg>${p}</arg>
<doc>Types the given ``text`` into the text field identified by ``locator``.</doc>
<status status="PASS" start="2026-03-17T14:55:01.670247" elapsed="0.133966"/>
</kw>
<arg>${p}</arg>
<status status="PASS" start="2026-03-17T14:55:01.669531" elapsed="0.136700"/>
</kw>
<kw name="click login" owner="login_page">
<kw name="Click Button" owner="SeleniumLibrary">
<msg time="2026-03-17T14:55:01.807332" level="INFO">Clicking button 'id:login-button'.</msg>
<arg>${login_btn}</arg>
<doc>Clicks the button identified by ``locator``.</doc>
<status status="PASS" start="2026-03-17T14:55:01.806965" elapsed="0.180886"/>
</kw>
<status status="PASS" start="2026-03-17T14:55:01.806602" elapsed="0.182534"/>
</kw>
<arg>standard_user</arg>
<arg>secret_sauce</arg>
<status status="PASS" start="2026-03-17T14:55:01.469591" elapsed="0.519906"/>
</kw>
<status status="PASS" start="2026-03-17T14:54:59.043657" elapsed="2.946352"/>
</kw>
<kw name="Sleep" owner="BuiltIn">
<msg time="2026-03-17T14:55:03.991806" level="INFO">Slept 2 seconds.</msg>
<arg>2s</arg>
<doc>Pauses the test executed for the given time.</doc>
<status status="PASS" start="2026-03-17T14:55:01.990741" elapsed="2.001241"/>
</kw>
<kw name="add product to cart" owner="product_page">
<kw name="Click Button" owner="SeleniumLibrary">
<msg time="2026-03-17T14:55:03.994809" level="INFO">Clicking button 'id:add-to-cart-sauce-labs-backpack'.</msg>
<arg>${add_product_btn}</arg>
<doc>Clicks the button identified by ``locator``.</doc>
<status status="PASS" start="2026-03-17T14:55:03.994166" elapsed="0.137287"/>
</kw>
<status status="PASS" start="2026-03-17T14:55:03.993756" elapsed="0.139956"/>
</kw>
<kw name="Get Number of products" owner="product_page">
<kw name="Get Text" owner="SeleniumLibrary">
<msg time="2026-03-17T14:55:04.185221" level="INFO">${nb } = 1</msg>
<var>${nb }</var>
<arg>${badge_cart}</arg>
<doc>Returns the text value of the element identified by ``locator``.</doc>
<status status="PASS" start="2026-03-17T14:55:04.135111" elapsed="0.050214"/>
</kw>
<return>
<value>${nb}</value>
<status status="PASS" start="2026-03-17T14:55:04.187546" elapsed="0.000263"/>
</return>
<msg time="2026-03-17T14:55:04.188431" level="INFO">${nb} = 1</msg>
<var>${nb}</var>
<status status="PASS" start="2026-03-17T14:55:04.134605" elapsed="0.053900"/>
</kw>
<kw name="Should Be Equal As Integers" owner="BuiltIn">
<arg>${nb}</arg>
<arg>1</arg>
<doc>Fails if objects are unequal after converting them to integers.</doc>
<status status="PASS" start="2026-03-17T14:55:04.191097" elapsed="0.000857"/>
</kw>
<kw name="Sleep" owner="BuiltIn">
<msg time="2026-03-17T14:55:06.194268" level="INFO">Slept 2 seconds.</msg>
<arg>2s</arg>
<doc>Pauses the test executed for the given time.</doc>
<status status="PASS" start="2026-03-17T14:55:04.192680" elapsed="2.001941"/>
</kw>
<kw name="Aller au panier" owner="product_page">
<kw name="Click Link" owner="SeleniumLibrary">
<msg time="2026-03-17T14:55:06.197866" level="INFO">Clicking link 'css:[data-test='shopping-cart-link']'.</msg>
<arg>${shooping_cart}</arg>
<doc>Clicks a link identified by ``locator``.</doc>
<status status="PASS" start="2026-03-17T14:55:06.197506" elapsed="0.126585"/>
</kw>
<status status="PASS" start="2026-03-17T14:55:06.197043" elapsed="0.129047"/>
</kw>
<kw name="Location Should Be" owner="SeleniumLibrary">
<msg time="2026-03-17T14:55:06.335417" level="INFO">Current location is 'https://www.saucedemo.com/cart.html'.</msg>
<arg>https://www.saucedemo.com/cart.html</arg>
<doc>Verifies that the current URL is exactly ``url``.</doc>
<status status="PASS" start="2026-03-17T14:55:06.326872" elapsed="0.008709"/>
</kw>
<kw name="Sleep" owner="BuiltIn">
<msg time="2026-03-17T14:55:08.339248" level="INFO">Slept 2 seconds.</msg>
<arg>2s</arg>
<doc>Pauses the test executed for the given time.</doc>
<status status="PASS" start="2026-03-17T14:55:06.338170" elapsed="2.001200"/>
</kw>
<kw name="remove product from cart" owner="product_page">
<kw name="Click Button" owner="SeleniumLibrary">
<msg time="2026-03-17T14:55:08.341814" level="INFO">Clicking button 'id :remove-sauce-labs-backpack'.</msg>
<arg>${remove_icon}</arg>
<doc>Clicks the button identified by ``locator``.</doc>
<status status="PASS" start="2026-03-17T14:55:08.341507" elapsed="0.079451"/>
</kw>
<status status="PASS" start="2026-03-17T14:55:08.340898" elapsed="0.090140"/>
</kw>
<kw name="Get badge" owner="product_page">
<return>
<value>${badge_cart}</value>
<status status="PASS" start="2026-03-17T14:55:08.431645" elapsed="0.000069"/>
</return>
<msg time="2026-03-17T14:55:08.431898" level="INFO">${badge} = css:[data-test='shopping-cart-badge']</msg>
<var>${badge}</var>
<status status="PASS" start="2026-03-17T14:55:08.431430" elapsed="0.000498"/>
</kw>
<kw name="Element Should Not Be Visible" owner="SeleniumLibrary">
<msg time="2026-03-17T14:55:13.488051" level="INFO">Element 'css:[data-test='shopping-cart-badge']' did not exist.</msg>
<arg>${badge}</arg>
<doc>Verifies that the element identified by ``locator`` is NOT visible.</doc>
<status status="PASS" start="2026-03-17T14:55:08.432739" elapsed="5.055478"/>
</kw>
<kw name="Close Browser" owner="SeleniumLibrary" type="TEARDOWN">
<doc>Closes the current browser.</doc>
<status status="PASS" start="2026-03-17T14:55:13.490455" elapsed="2.484305"/>
</kw>
<status status="PASS" start="2026-03-17T14:54:59.043053" elapsed="16.932722"/>
</test>
<status status="PASS" start="2026-03-17T14:54:59.036373" elapsed="16.944937"/>
</suite>
<suite id="s1-s6" name="productPOM" source="C:\Users\user\Desktop\robotFramwork\tests\productPOM.robot">
<test id="s1-s6-t1" name="scenario 1: add product to cart" line="11">
<kw name="go to sauce demo" owner="keywords" type="SETUP">
<kw name="init browser" owner="keywords">
<kw name="Open Browser" owner="SeleniumLibrary">
<msg time="2026-03-17T14:55:15.992577" level="INFO">Opening browser 'chrome' to base url 'https://saucedemo.com/'.</msg>
<arg>${URL}</arg>
<arg>${BROWSER}</arg>
<doc>Opens a new browser instance to the optional ``url``.</doc>
<status status="PASS" start="2026-03-17T14:55:15.990800" elapsed="1.928014"/>
</kw>
<kw name="Set Selenium Implicit Wait" owner="SeleniumLibrary">
<arg>5s</arg>
<doc>Sets the implicit wait value used by Selenium.</doc>
<status status="PASS" start="2026-03-17T14:55:17.921283" elapsed="0.004253"/>
</kw>
<kw name="Maximize Browser Window" owner="SeleniumLibrary">
<doc>Maximizes current browser window.</doc>
<status status="PASS" start="2026-03-17T14:55:17.926020" elapsed="0.041857"/>
</kw>
<status status="PASS" start="2026-03-17T14:55:15.990458" elapsed="1.977924"/>
</kw>
<kw name="do login" owner="login_page">
<kw name="saisir username" owner="login_page">
<kw name="Input Text" owner="SeleniumLibrary">
<msg time="2026-03-17T14:55:17.971088" level="INFO">Typing text 'standard_user' into text field 'id:user-name'.</msg>
<arg>${username}</arg>
<arg>${u}</arg>
<doc>Types the given ``text`` into the text field identified by ``locator``.</doc>
<status status="PASS" start="2026-03-17T14:55:17.970515" elapsed="0.292199"/>
</kw>
<arg>${u}</arg>
<status status="PASS" start="2026-03-17T14:55:17.969831" elapsed="0.295837"/>
</kw>
<kw name="saisir password" owner="login_page">
<kw name="Input Text" owner="SeleniumLibrary">
<msg time="2026-03-17T14:55:18.268030" level="INFO">Typing text 'secret_sauce' into text field 'css:#password'.</msg>
<arg>${password}</arg>
<arg>${p}</arg>
<doc>Types the given ``text`` into the text field identified by ``locator``.</doc>
<status status="PASS" start="2026-03-17T14:55:18.267348" elapsed="0.170897"/>
</kw>
<arg>${p}</arg>
<status status="PASS" start="2026-03-17T14:55:18.266522" elapsed="0.174757"/>
</kw>
<kw name="click login" owner="login_page">
<kw name="Click Button" owner="SeleniumLibrary">
<msg time="2026-03-17T14:55:18.442589" level="INFO">Clicking button 'id:login-button'.</msg>
<arg>${login_btn}</arg>
<doc>Clicks the button identified by ``locator``.</doc>
<status status="PASS" start="2026-03-17T14:55:18.442247" elapsed="0.211106"/>
</kw>
<status status="PASS" start="2026-03-17T14:55:18.441789" elapsed="0.213565"/>
</kw>
<arg>standard_user</arg>
<arg>secret_sauce</arg>
<status status="PASS" start="2026-03-17T14:55:17.969048" elapsed="0.686721"/>
</kw>
<status status="PASS" start="2026-03-17T14:55:15.989845" elapsed="2.666280"/>
</kw>
<kw name="add product to cart" owner="product_page">
<kw name="Click Button" owner="SeleniumLibrary">
<msg time="2026-03-17T14:55:18.658125" level="INFO">Clicking button 'id:add-to-cart-sauce-labs-backpack'.</msg>
<arg>${add_product_btn}</arg>
<doc>Clicks the button identified by ``locator``.</doc>
<status status="PASS" start="2026-03-17T14:55:18.657649" elapsed="0.176755"/>
</kw>
<status status="PASS" start="2026-03-17T14:55:18.657002" elapsed="0.179595"/>
</kw>
<kw name="Get Number of products" owner="product_page">
<kw name="Get Text" owner="SeleniumLibrary">
<msg time="2026-03-17T14:55:18.892248" level="INFO">${nb } = 1</msg>
<var>${nb }</var>
<arg>${badge_cart}</arg>
<doc>Returns the text value of the element identified by ``locator``.</doc>
<status status="PASS" start="2026-03-17T14:55:18.838711" elapsed="0.053632"/>
</kw>
<return>
<value>${nb}</value>
<status status="PASS" start="2026-03-17T14:55:18.894294" elapsed="0.000193"/>
</return>
<msg time="2026-03-17T14:55:18.895011" level="INFO">${nb} = 1</msg>
<var>${nb}</var>
<status status="PASS" start="2026-03-17T14:55:18.837837" elapsed="0.057241"/>
</kw>
<kw name="Should Be Equal As Integers" owner="BuiltIn">
<arg>${nb}</arg>
<arg>1</arg>
<doc>Fails if objects are unequal after converting them to integers.</doc>
<status status="PASS" start="2026-03-17T14:55:18.897113" elapsed="0.000758"/>
</kw>
<kw name="remove product from cart" owner="product_page">
<kw name="Click Button" owner="SeleniumLibrary">
<msg time="2026-03-17T14:55:18.899319" level="INFO">Clicking button 'id :remove-sauce-labs-backpack'.</msg>
<arg>${remove_icon}</arg>
<doc>Clicks the button identified by ``locator``.</doc>
<status status="PASS" start="2026-03-17T14:55:18.898973" elapsed="0.153273"/>
</kw>
<status status="PASS" start="2026-03-17T14:55:18.898525" elapsed="0.155994"/>
</kw>
<kw name="Get badge" owner="product_page">
<return>
<value>${badge_cart}</value>
<status status="PASS" start="2026-03-17T14:55:19.055958" elapsed="0.000164"/>
</return>
<msg time="2026-03-17T14:55:19.056622" level="INFO">${badge} = css:[data-test='shopping-cart-badge']</msg>
<var>${badge}</var>
<status status="PASS" start="2026-03-17T14:55:19.055452" elapsed="0.001407"/>
</kw>
<kw name="Element Should Not Be Visible" owner="SeleniumLibrary">
<msg time="2026-03-17T14:55:24.066847" level="INFO">Element 'css:[data-test='shopping-cart-badge']' did not exist.</msg>
<arg>${badge}</arg>
<doc>Verifies that the element identified by ``locator`` is NOT visible.</doc>
<status status="PASS" start="2026-03-17T14:55:19.058898" elapsed="5.008037"/>
</kw>
<kw name="Close Browser" owner="SeleniumLibrary" type="TEARDOWN">
<doc>Closes the current browser.</doc>
<status status="PASS" start="2026-03-17T14:55:24.068033" elapsed="2.182862"/>
</kw>
<status status="PASS" start="2026-03-17T14:55:15.989230" elapsed="10.262183"/>
</test>
<status status="PASS" start="2026-03-17T14:55:15.984652" elapsed="10.271438"/>
</suite>
<suite id="s1-s7" name="Test1" source="C:\Users\user\Desktop\robotFramwork\tests\test1.robot">
<test id="s1-s7-t1" name="login test" line="22">
<kw name="saluer tout le monde" owner="keywords">
<kw name="Log To Console" owner="BuiltIn">
<arg>Hello everyone</arg>
<doc>Logs the given message to the console.</doc>
<status status="PASS" start="2026-03-17T14:55:26.267341" elapsed="0.000930"/>
</kw>
<status status="PASS" start="2026-03-17T14:55:26.266410" elapsed="0.002118"/>
</kw>
<kw name="saluer" owner="keywords">
<kw name="Log To Console" owner="BuiltIn">
<arg>Hello ${name}</arg>
<doc>Logs the given message to the console.</doc>
<status status="PASS" start="2026-03-17T14:55:26.269210" elapsed="0.000352"/>
</kw>
<arg>John</arg>
<status status="PASS" start="2026-03-17T14:55:26.268958" elapsed="0.000874"/>
</kw>
<kw name="somme" owner="keywords">
<kw name="Evaluate" owner="BuiltIn">
<msg time="2026-03-17T14:55:26.270604" level="INFO">${result} = 15</msg>
<var>${result}</var>
<arg>${a} + ${b}</arg>
<doc>Evaluates the given expression in Python and returns the result.</doc>
<status status="PASS" start="2026-03-17T14:55:26.270303" elapsed="0.000327"/>
</kw>
<kw name="Log To Console" owner="BuiltIn">
<arg>The sum of ${a} and ${b} is ${result}</arg>
<doc>Logs the given message to the console.</doc>
<status status="PASS" start="2026-03-17T14:55:26.271302" elapsed="0.000413"/>
</kw>
<arg>5</arg>
<arg>10</arg>
<status status="PASS" start="2026-03-17T14:55:26.270092" elapsed="0.001813"/>
</kw>
<kw name="Get Age" owner="bibiloi">
<msg time="2026-03-17T14:55:26.272357" level="INFO">${age} = 26</msg>
<var>${age}</var>
<arg>2000</arg>
<status status="PASS" start="2026-03-17T14:55:26.272208" elapsed="0.000174"/>
</kw>
<kw name="Log To Console" owner="BuiltIn">
<arg>The age is ${age}</arg>
<doc>Logs the given message to the console.</doc>
<status status="PASS" start="2026-03-17T14:55:26.273580" elapsed="0.000806"/>
</kw>
<status status="PASS" start="2026-03-17T14:55:26.265875" elapsed="0.009360"/>
</test>
<doc>Login tests for the application</doc>
<status status="PASS" start="2026-03-17T14:55:26.260282" elapsed="0.017908"/>
</suite>
<status status="PASS" start="2026-03-17T14:54:20.213561" elapsed="66.067140"/>
</suite>
<statistics>
<total>
<stat pass="10" fail="0" skip="0">All Tests</stat>
</total>
<tag>
<stat pass="2" fail="0" skip="0">e2e</stat>
<stat pass="2" fail="0" skip="0">regression</stat>
<stat pass="2" fail="0" skip="0">smoke</stat>
<stat pass="2" fail="0" skip="0">valid</stat>
</tag>
<suite>
<stat name="Tests" id="s1" pass="10" fail="0" skip="0">Tests</stat>
<stat name="Browslogin" id="s1-s1" pass="2" fail="0" skip="0">Tests.Browslogin</stat>
<stat name="Login" id="s1-s2" pass="2" fail="0" skip="0">Tests.Login</stat>
<stat name="Login Jdd" id="s1-s3" pass="2" fail="0" skip="0">Tests.Login Jdd</stat>
<stat name="loginPOM" id="s1-s4" pass="1" fail="0" skip="0">Tests.loginPOM</stat>
<stat name="product2POM" id="s1-s5" pass="1" fail="0" skip="0">Tests.product2POM</stat>
<stat name="productPOM" id="s1-s6" pass="1" fail="0" skip="0">Tests.productPOM</stat>
<stat name="Test1" id="s1-s7" pass="1" fail="0" skip="0">Tests.Test1</stat>
</suite>
</statistics>
<errors>
<msg time="2026-03-17T14:54:20.493829" level="WARN">Error in file 'C:\Users\user\Desktop\robotFramwork\pages\login_page.resource' on line 20: The '[Return]' setting is deprecated. Use the 'RETURN' statement instead.</msg>
</errors>
</robot>
